TN:Example
SF:methods/gauss.c
FN:38,gauss_get_sum
FNDA:3,gauss_get_sum
FNF:1
FNH:1
BRDA:42,0,0,0
BRDA:42,0,1,3
BRF:2
BRH:1
DA:38,3
DA:42,3
DA:44,0
DA:47,3
LF:4
LH:3
end_of_record
TN:Example
SF:methods/iterate.c
FN:19,iterate_get_sum
FNDA:3,iterate_get_sum
FNF:1
FNH:1
BRDA:28,2,0,63
BRDA:28,2,1,3
BRDA:33,0,0,0
BRDA:33,0,1,63
BRF:4
BRH:3
DA:19,3
DA:23,3
DA:28,66
DA:33,63
DA:35,0
DA:36,0
DA:41,63
DA:44,3
LF:8
LH:6
end_of_record
TN:Example
SF:example.c
FN:28,main
FNDA:2,main
FNF:1
FNH:1
BRDA:34,0,0,2
BRDA:34,0,1,0
BRDA:49,4294967295,0,0
BRDA:49,4294967295,1,2
BRF:4
BRH:2
DA:28,2
DA:34,2
DA:36,2
DA:37,2
DA:43,2
DA:44,2
DA:49,2
DA:51,0
DA:55,2
DA:58,2
LF:10
LH:9
end_of_record
